C:\Users\srambabu\source\repos\RealEstateApp\RealEstateApp\dist\out-tsc\src\app\RealEstate\service.service.js
C:\Users\srambabu\source\repos\RealEstateApp\RealEstateApp\dist\out-tsc\src\app\RealEstate\service.service.js.map
C:\Users\srambabu\source\repos\RealEstateApp\RealEstateApp\dist\out-tsc\src\app\RealEstate\add\add.component.js
C:\Users\srambabu\source\repos\RealEstateApp\RealEstateApp\dist\out-tsc\src\app\RealEstate\add\add.component.js.map
C:\Users\srambabu\source\repos\RealEstateApp\RealEstateApp\dist\out-tsc\src\app\RealEstate\edit\edit.component.js
C:\Users\srambabu\source\repos\RealEstateApp\RealEstateApp\dist\out-tsc\src\app\RealEstate\edit\edit.component.js.map
C:\Users\srambabu\source\repos\RealEstateApp\RealEstateApp\dist\out-tsc\src\app\app-routing.module.js
C:\Users\srambabu\source\repos\RealEstateApp\RealEstateApp\dist\out-tsc\src\app\app-routing.module.js.map
C:\Users\srambabu\source\repos\RealEstateApp\RealEstateApp\dist\out-tsc\src\app\app.component.js
C:\Users\srambabu\source\repos\RealEstateApp\RealEstateApp\dist\out-tsc\src\app\app.component.js.map
C:\Users\srambabu\source\repos\RealEstateApp\RealEstateApp\dist\out-tsc\src\app\RealEstate\list\list.component.js
C:\Users\srambabu\source\repos\RealEstateApp\RealEstateApp\dist\out-tsc\src\app\RealEstate\list\list.component.js.map
C:\Users\srambabu\source\repos\RealEstateApp\RealEstateApp\dist\out-tsc\src\app\app.module.js
C:\Users\srambabu\source\repos\RealEstateApp\RealEstateApp\dist\out-tsc\src\app\app.module.js.map
C:\Users\srambabu\source\repos\RealEstateApp\RealEstateApp\dist\out-tsc\src\environments\environment.js
C:\Users\srambabu\source\repos\RealEstateApp\RealEstateApp\dist\out-tsc\src\environments\environment.js.map
C:\Users\srambabu\source\repos\RealEstateApp\RealEstateApp\dist\out-tsc\src\main.js
C:\Users\srambabu\source\repos\RealEstateApp\RealEstateApp\dist\out-tsc\src\main.js.map
C:\Users\srambabu\source\repos\RealEstateApp\RealEstateApp\dist\out-tsc\src\polyfills.js
C:\Users\srambabu\source\repos\RealEstateApp\RealEstateApp\dist\out-tsc\src\polyfills.js.map
C:\Users\srambabu\source\repos\RealEstateApp\RealEstateApp\dist\out-tsc\src\test.js
C:\Users\srambabu\source\repos\RealEstateApp\RealEstateApp\dist\out-tsc\src\test.js.map
C:\Users\srambabu\source\repos\RealEstateApp\RealEstateApp\dist\out-tsc\e2e\src\app.po.js
C:\Users\srambabu\source\repos\RealEstateApp\RealEstateApp\dist\out-tsc\e2e\src\app.po.js.map
C:\Users\srambabu\source\repos\RealEstateApp\RealEstateApp\dist\out-tsc\e2e\src\app.e2e-spec.js
C:\Users\srambabu\source\repos\RealEstateApp\RealEstateApp\dist\out-tsc\e2e\src\app.e2e-spec.js.map
C:\Users\srambabu\source\repos\RealEstateApp\RealEstateApp\dist\out-tsc\src\environments\environment.prod.js
C:\Users\srambabu\source\repos\RealEstateApp\RealEstateApp\dist\out-tsc\src\environments\environment.prod.js.map
